<?xml version="1.0" encoding="UTF-8"?>
<testng-results skipped="0" failed="0" ignored="0" total="1" passed="1">
  <reporter-output>
  </reporter-output>
  <suite name="Suite" duration-ms="26101" started-at="2020-05-03T19:02:34 IST" finished-at="2020-05-03T19:03:01 IST">
    <groups>
    </groups>
    <test name="Test" duration-ms="26101" started-at="2020-05-03T19:02:34 IST" finished-at="2020-05-03T19:03:01 IST">
      <class name="com.github.SeleniumToDoMVC.ToDoMVCTest">
        <test-method status="PASS" signature="beforeTest()[pri:0, instance:com.github.SeleniumToDoMVC.ToDoMVCTest@ff5b51f]" name="beforeTest" is-config="true" duration-ms="4464" started-at="2020-05-03T19:02:34 IST" finished-at="2020-05-03T19:02:39 IST">
          <reporter-output>
          </reporter-output>
        </test-method> <!-- beforeTest -->
        <test-method status="PASS" signature="TestcaseOne()[pri:0, instance:com.github.SeleniumToDoMVC.ToDoMVCTest@ff5b51f]" name="TestcaseOne" duration-ms="21254" started-at="2020-05-03T19:02:39 IST" finished-at="2020-05-03T19:03:00 IST">
          <reporter-output>
          </reporter-output>
        </test-method> <!-- TestcaseOne -->
        <test-method status="PASS" signature="afterTest()[pri:0, instance:com.github.SeleniumToDoMVC.ToDoMVCTest@ff5b51f]" name="afterTest" is-config="true" duration-ms="343" started-at="2020-05-03T19:03:00 IST" finished-at="2020-05-03T19:03:01 IST">
          <reporter-output>
          </reporter-output>
        </test-method> <!-- afterTest -->
      </class> <!-- com.github.SeleniumToDoMVC.ToDoMVCTest -->
    </test> <!-- Test -->
  </suite> <!-- Suite -->
</testng-results>
